Arguments: 
  /Users/akmalanvarov/.nvm/versions/node/v16.13.2/bin/node /Users/akmalanvarov/.node/corepack/yarn/1.22.15/bin/yarn.js init

PATH: 
  /Users/akmalanvarov/.nvm/versions/node/v16.13.2/bin:/usr/local/bin:/usr/bin:/bin:/usr/sbin:/sbin:/Users/akmalanvarov/.cargo/bin

Yarn version: 
  1.22.15

Node version: 
  16.13.2

Platform: 
  darwin x64

Trace: 
  Error: canceled
      at Interface.<anonymous> (/Users/akmalanvarov/.node/corepack/yarn/1.22.15/lib/cli.js:137145:13)
      at Interface.emit (node:events:390:28)
      at Interface._ttyWrite (node:readline:1081:16)
      at ReadStream.onkeypress (node:readline:288:10)
      at ReadStream.emit (node:events:390:28)
      at emitKeys (node:internal/readline/utils:358:14)
      at emitKeys.next (<anonymous>)
      at ReadStream.onData (node:internal/readline/emitKeypressEvents:61:36)
      at ReadStream.emit (node:events:390:28)
      at addChunk (node:internal/streams/readable:315:12)

npm manifest: 
  No manifest

yarn manifest: 
  No manifest

Lockfile: 
  No lockfile
